[4mRunning "clean:start" (clean) task[24m
Cleaning build/...[32mOK[39m

[4mRunning "copy:everything" (copy) task[24m
Created [36m6[39m directories, copied [36m19[39m files

[4mRunning "copy:less" (copy) task[24m
Copied [36m2[39m files

[4mRunning "uglify:main" (uglify) task[24m
File "build/js/gnaoh.js" created.
Original: [32m29832[39m bytes.
Minified: [32m8183[39m bytes.
Gzipped:  [32m1976[39m bytes.

[4mRunning "uglify:assets" (uglify) task[24m
File "build/js/devdev.js" created.
Original: [32m4276[39m bytes.
Minified: [32m1605[39m bytes.
Gzipped:  [32m419[39m bytes.
File "build/js/loader.js" created.
Original: [32m939[39m bytes.
Minified: [32m475[39m bytes.
Gzipped:  [32m163[39m bytes.

[4mRunning "concat:all" (concat) task[24m
File "build/js/loader.js" created.

[4mRunning "less:production" (less) task[24m
File [36mbuild/css/devdev.css[39m created.
File [36mbuild/css/gnaoh.css[39m created.

[4mRunning "clean:finish" (clean) task[24m
Cleaning build/less/...[32mOK[39m

[32mDone, without errors.[39m
/usr/bin/env: node: No such file or directory
/usr/bin/env: node: No such file or directory
/usr/bin/env: node: No such file or directory
/usr/bin/env: node: No such file or directory
/usr/bin/env: node: No such file or directory
