
events.js:72
        throw er; // Unhandled 'error' event
              ^
Error: listen EADDRINUSE
    at errnoException (net.js:901:11)
    at Server._listen2 (net.js:1039:14)
    at listen (net.js:1061:10)
    at Server.listen (net.js:1127:5)
    at Function.getters (/kadmin/Dropbox/Code/Web/gnaoh/build/server.js:73:8)
    at Function.app.configure (/kadmin/Dropbox/Code/Web/gnaoh/node_modules/express/lib/application.js:393:61)
    at Object.<anonymous> (/kadmin/Dropbox/Code/Web/gnaoh/build/server.js:58:7)
    at Module._compile (module.js:456:26)
    at Object.Module._extensions..js (module.js:474:10)
    at Module.load (module.js:356:32)

events.js:72
        throw er; // Unhandled 'error' event
              ^
Error: listen EADDRINUSE
    at errnoException (net.js:901:11)
    at Server._listen2 (net.js:1039:14)
    at listen (net.js:1061:10)
    at Server.listen (net.js:1127:5)
    at Function.getters (/kadmin/Dropbox/Code/Web/gnaoh/build/server.js:73:8)
    at Function.app.configure (/kadmin/Dropbox/Code/Web/gnaoh/node_modules/express/lib/application.js:393:61)
    at Object.<anonymous> (/kadmin/Dropbox/Code/Web/gnaoh/build/server.js:58:7)
    at Module._compile (module.js:456:26)
    at Object.Module._extensions..js (module.js:474:10)
    at Module.load (module.js:356:32)

events.js:72
        throw er; // Unhandled 'error' event
              ^
Error: listen EADDRINUSE
    at errnoException (net.js:901:11)
    at Server._listen2 (net.js:1039:14)
    at listen (net.js:1061:10)
    at Server.listen (net.js:1127:5)
    at Function.getters (/kadmin/Dropbox/Code/Web/gnaoh/build/server.js:73:8)
    at Function.app.configure (/kadmin/Dropbox/Code/Web/gnaoh/node_modules/express/lib/application.js:393:61)
    at Object.<anonymous> (/kadmin/Dropbox/Code/Web/gnaoh/build/server.js:58:7)
    at Module._compile (module.js:456:26)
    at Object.Module._extensions..js (module.js:474:10)
    at Module.load (module.js:356:32)

events.js:72
        throw er; // Unhandled 'error' event
              ^
Error: listen EADDRINUSE
    at errnoException (net.js:901:11)
    at Server._listen2 (net.js:1039:14)
    at listen (net.js:1061:10)
    at Server.listen (net.js:1127:5)
    at Function.getters (/kadmin/Dropbox/Code/Web/gnaoh/build/server.js:73:8)
    at Function.app.configure (/kadmin/Dropbox/Code/Web/gnaoh/node_modules/express/lib/application.js:393:61)
    at Object.<anonymous> (/kadmin/Dropbox/Code/Web/gnaoh/build/server.js:58:7)
    at Module._compile (module.js:456:26)
    at Object.Module._extensions..js (module.js:474:10)
    at Module.load (module.js:356:32)

events.js:72
        throw er; // Unhandled 'error' event
              ^
Error: listen EADDRINUSE
    at errnoException (net.js:901:11)
    at Server._listen2 (net.js:1039:14)
    at listen (net.js:1061:10)
    at Server.listen (net.js:1127:5)
    at Function.getters (/kadmin/Dropbox/Code/Web/gnaoh/build/server.js:73:8)
    at Function.app.configure (/kadmin/Dropbox/Code/Web/gnaoh/node_modules/express/lib/application.js:393:61)
    at Object.<anonymous> (/kadmin/Dropbox/Code/Web/gnaoh/build/server.js:58:7)
    at Module._compile (module.js:456:26)
    at Object.Module._extensions..js (module.js:474:10)
    at Module.load (module.js:356:32)

events.js:72
        throw er; // Unhandled 'error' event
              ^
Error: listen EADDRINUSE
    at errnoException (net.js:901:11)
    at Server._listen2 (net.js:1039:14)
    at listen (net.js:1061:10)
    at Server.listen (net.js:1127:5)
    at Function.getters (/kadmin/Dropbox/Code/Web/gnaoh/build/server.js:73:8)
    at Function.app.configure (/kadmin/Dropbox/Code/Web/gnaoh/node_modules/express/lib/application.js:393:61)
    at Object.<anonymous> (/kadmin/Dropbox/Code/Web/gnaoh/build/server.js:58:7)
    at Module._compile (module.js:456:26)
    at Object.Module._extensions..js (module.js:474:10)
    at Module.load (module.js:356:32)

events.js:72
        throw er; // Unhandled 'error' event
              ^
Error: listen EADDRINUSE
    at errnoException (net.js:901:11)
    at Server._listen2 (net.js:1039:14)
    at listen (net.js:1061:10)
    at Server.listen (net.js:1127:5)
    at Function.getters (/kadmin/Dropbox/Code/Web/gnaoh/build/server.js:73:8)
    at Function.app.configure (/kadmin/Dropbox/Code/Web/gnaoh/node_modules/express/lib/application.js:393:61)
    at Object.<anonymous> (/kadmin/Dropbox/Code/Web/gnaoh/build/server.js:58:7)
    at Module._compile (module.js:456:26)
    at Object.Module._extensions..js (module.js:474:10)
    at Module.load (module.js:356:32)

events.js:72
        throw er; // Unhandled 'error' event
              ^
Error: listen EADDRINUSE
    at errnoException (net.js:901:11)
    at Server._listen2 (net.js:1039:14)
    at listen (net.js:1061:10)
    at Server.listen (net.js:1127:5)
    at Function.getters (/kadmin/Dropbox/Code/Web/gnaoh/build/server.js:73:8)
    at Function.app.configure (/kadmin/Dropbox/Code/Web/gnaoh/node_modules/express/lib/application.js:393:61)
    at Object.<anonymous> (/kadmin/Dropbox/Code/Web/gnaoh/build/server.js:58:7)
    at Module._compile (module.js:456:26)
    at Object.Module._extensions..js (module.js:474:10)
    at Module.load (module.js:356:32)

events.js:72
        throw er; // Unhandled 'error' event
              ^
Error: listen EADDRINUSE
    at errnoException (net.js:901:11)
    at Server._listen2 (net.js:1039:14)
    at listen (net.js:1061:10)
    at Server.listen (net.js:1127:5)
    at Function.getters (/kadmin/Dropbox/Code/Web/gnaoh/build/server.js:73:8)
    at Function.app.configure (/kadmin/Dropbox/Code/Web/gnaoh/node_modules/express/lib/application.js:393:61)
    at Object.<anonymous> (/kadmin/Dropbox/Code/Web/gnaoh/build/server.js:58:7)
    at Module._compile (module.js:456:26)
    at Object.Module._extensions..js (module.js:474:10)
    at Module.load (module.js:356:32)

events.js:72
        throw er; // Unhandled 'error' event
              ^
Error: listen EADDRINUSE
    at errnoException (net.js:901:11)
    at Server._listen2 (net.js:1039:14)
    at listen (net.js:1061:10)
    at Server.listen (net.js:1127:5)
    at Function.getters (/kadmin/Dropbox/Code/Web/gnaoh/build/server.js:73:8)
    at Function.app.configure (/kadmin/Dropbox/Code/Web/gnaoh/node_modules/express/lib/application.js:393:61)
    at Object.<anonymous> (/kadmin/Dropbox/Code/Web/gnaoh/build/server.js:58:7)
    at Module._compile (module.js:456:26)
    at Object.Module._extensions..js (module.js:474:10)
    at Module.load (module.js:356:32)

events.js:72
        throw er; // Unhandled 'error' event
              ^
Error: listen EADDRINUSE
    at errnoException (net.js:901:11)
    at Server._listen2 (net.js:1039:14)
    at listen (net.js:1061:10)
    at Server.listen (net.js:1127:5)
    at Function.getters (/kadmin/Dropbox/Code/Web/gnaoh/build/server.js:73:8)
    at Function.app.configure (/kadmin/Dropbox/Code/Web/gnaoh/node_modules/express/lib/application.js:393:61)
    at Object.<anonymous> (/kadmin/Dropbox/Code/Web/gnaoh/build/server.js:58:7)
    at Module._compile (module.js:456:26)
    at Object.Module._extensions..js (module.js:474:10)
    at Module.load (module.js:356:32)

events.js:72
        throw er; // Unhandled 'error' event
              ^
Error: listen EADDRINUSE
    at errnoException (net.js:901:11)
    at Server._listen2 (net.js:1039:14)
    at listen (net.js:1061:10)
    at Server.listen (net.js:1127:5)
    at Function.getters (/kadmin/Dropbox/Code/Web/gnaoh/build/server.js:73:8)
    at Function.app.configure (/kadmin/Dropbox/Code/Web/gnaoh/node_modules/express/lib/application.js:393:61)
    at Object.<anonymous> (/kadmin/Dropbox/Code/Web/gnaoh/build/server.js:58:7)
    at Module._compile (module.js:456:26)
    at Object.Module._extensions..js (module.js:474:10)
    at Module.load (module.js:356:32)

events.js:72
        throw er; // Unhandled 'error' event
              ^
Error: listen EADDRINUSE
    at errnoException (net.js:901:11)
    at Server._listen2 (net.js:1039:14)
    at listen (net.js:1061:10)
    at Server.listen (net.js:1127:5)
    at Function.getters (/kadmin/Dropbox/Code/Web/gnaoh/build/server.js:73:8)
    at Function.app.configure (/kadmin/Dropbox/Code/Web/gnaoh/node_modules/express/lib/application.js:393:61)
    at Object.<anonymous> (/kadmin/Dropbox/Code/Web/gnaoh/build/server.js:58:7)
    at Module._compile (module.js:456:26)
    at Object.Module._extensions..js (module.js:474:10)
    at Module.load (module.js:356:32)

events.js:72
        throw er; // Unhandled 'error' event
              ^
Error: listen EADDRINUSE
    at errnoException (net.js:901:11)
    at Server._listen2 (net.js:1039:14)
    at listen (net.js:1061:10)
    at Server.listen (net.js:1127:5)
    at Function.getters (/kadmin/Dropbox/Code/Web/gnaoh/build/server.js:73:8)
    at Function.app.configure (/kadmin/Dropbox/Code/Web/gnaoh/node_modules/express/lib/application.js:393:61)
    at Object.<anonymous> (/kadmin/Dropbox/Code/Web/gnaoh/build/server.js:58:7)
    at Module._compile (module.js:456:26)
    at Object.Module._extensions..js (module.js:474:10)
    at Module.load (module.js:356:32)

events.js:72
        throw er; // Unhandled 'error' event
              ^
Error: listen EADDRINUSE
    at errnoException (net.js:901:11)
    at Server._listen2 (net.js:1039:14)
    at listen (net.js:1061:10)
    at Server.listen (net.js:1127:5)
    at Function.getters (/kadmin/Dropbox/Code/Web/gnaoh/build/server.js:73:8)
    at Function.app.configure (/kadmin/Dropbox/Code/Web/gnaoh/node_modules/express/lib/application.js:393:61)
    at Object.<anonymous> (/kadmin/Dropbox/Code/Web/gnaoh/build/server.js:58:7)
    at Module._compile (module.js:456:26)
    at Object.Module._extensions..js (module.js:474:10)
    at Module.load (module.js:356:32)

events.js:72
        throw er; // Unhandled 'error' event
              ^
Error: listen EADDRINUSE
    at errnoException (net.js:901:11)
    at Server._listen2 (net.js:1039:14)
    at listen (net.js:1061:10)
    at Server.listen (net.js:1127:5)
    at Function.getters (/kadmin/Dropbox/Code/Web/gnaoh/build/server.js:73:8)
    at Function.app.configure (/kadmin/Dropbox/Code/Web/gnaoh/node_modules/express/lib/application.js:393:61)
    at Object.<anonymous> (/kadmin/Dropbox/Code/Web/gnaoh/build/server.js:58:7)
    at Module._compile (module.js:456:26)
    at Object.Module._extensions..js (module.js:474:10)
    at Module.load (module.js:356:32)

events.js:72
        throw er; // Unhandled 'error' event
              ^
Error: listen EADDRINUSE
    at errnoException (net.js:901:11)
    at Server._listen2 (net.js:1039:14)
    at listen (net.js:1061:10)
    at Server.listen (net.js:1127:5)
    at Function.getters (/kadmin/Dropbox/Code/Web/gnaoh/build/server.js:73:8)
    at Function.app.configure (/kadmin/Dropbox/Code/Web/gnaoh/node_modules/express/lib/application.js:393:61)
    at Object.<anonymous> (/kadmin/Dropbox/Code/Web/gnaoh/build/server.js:58:7)
    at Module._compile (module.js:456:26)
    at Object.Module._extensions..js (module.js:474:10)
    at Module.load (module.js:356:32)

events.js:72
        throw er; // Unhandled 'error' event
              ^
Error: listen EADDRINUSE
    at errnoException (net.js:901:11)
    at Server._listen2 (net.js:1039:14)
    at listen (net.js:1061:10)
    at Server.listen (net.js:1127:5)
    at Function.getters (/kadmin/Dropbox/Code/Web/gnaoh/build/server.js:73:8)
    at Function.app.configure (/kadmin/Dropbox/Code/Web/gnaoh/node_modules/express/lib/application.js:393:61)
    at Object.<anonymous> (/kadmin/Dropbox/Code/Web/gnaoh/build/server.js:58:7)
    at Module._compile (module.js:456:26)
    at Object.Module._extensions..js (module.js:474:10)
    at Module.load (module.js:356:32)

events.js:72
        throw er; // Unhandled 'error' event
              ^
Error: listen EADDRINUSE
    at errnoException (net.js:901:11)
    at Server._listen2 (net.js:1039:14)
    at listen (net.js:1061:10)
    at Server.listen (net.js:1127:5)
    at Function.getters (/kadmin/Dropbox/Code/Web/gnaoh/build/server.js:73:8)
    at Function.app.configure (/kadmin/Dropbox/Code/Web/gnaoh/node_modules/express/lib/application.js:393:61)
    at Object.<anonymous> (/kadmin/Dropbox/Code/Web/gnaoh/build/server.js:58:7)
    at Module._compile (module.js:456:26)
    at Object.Module._extensions..js (module.js:474:10)
    at Module.load (module.js:356:32)

events.js:72
        throw er; // Unhandled 'error' event
              ^
Error: listen EADDRINUSE
    at errnoException (net.js:901:11)
    at Server._listen2 (net.js:1039:14)
    at listen (net.js:1061:10)
    at Server.listen (net.js:1127:5)
    at Function.getters (/kadmin/Dropbox/Code/Web/gnaoh/build/server.js:73:8)
    at Function.app.configure (/kadmin/Dropbox/Code/Web/gnaoh/node_modules/express/lib/application.js:393:61)
    at Object.<anonymous> (/kadmin/Dropbox/Code/Web/gnaoh/build/server.js:58:7)
    at Module._compile (module.js:456:26)
    at Object.Module._extensions..js (module.js:474:10)
    at Module.load (module.js:356:32)

events.js:72
        throw er; // Unhandled 'error' event
              ^
Error: listen EADDRINUSE
    at errnoException (net.js:901:11)
    at Server._listen2 (net.js:1039:14)
    at listen (net.js:1061:10)
    at Server.listen (net.js:1127:5)
    at Function.getters (/kadmin/Dropbox/Code/Web/gnaoh/build/server.js:73:8)
    at Function.app.configure (/kadmin/Dropbox/Code/Web/gnaoh/node_modules/express/lib/application.js:393:61)
    at Object.<anonymous> (/kadmin/Dropbox/Code/Web/gnaoh/build/server.js:58:7)
    at Module._compile (module.js:456:26)
    at Object.Module._extensions..js (module.js:474:10)
    at Module.load (module.js:356:32)

events.js:72
        throw er; // Unhandled 'error' event
              ^
Error: listen EADDRINUSE
    at errnoException (net.js:901:11)
    at Server._listen2 (net.js:1039:14)
    at listen (net.js:1061:10)
    at Server.listen (net.js:1127:5)
    at Function.getters (/kadmin/Dropbox/Code/Web/gnaoh/build/server.js:73:8)
    at Function.app.configure (/kadmin/Dropbox/Code/Web/gnaoh/node_modules/express/lib/application.js:393:61)
    at Object.<anonymous> (/kadmin/Dropbox/Code/Web/gnaoh/build/server.js:58:7)
    at Module._compile (module.js:456:26)
    at Object.Module._extensions..js (module.js:474:10)
    at Module.load (module.js:356:32)

events.js:72
        throw er; // Unhandled 'error' event
              ^
Error: listen EADDRINUSE
    at errnoException (net.js:901:11)
    at Server._listen2 (net.js:1039:14)
    at listen (net.js:1061:10)
    at Server.listen (net.js:1127:5)
    at Function.getters (/kadmin/Dropbox/Code/Web/gnaoh/build/server.js:73:8)
    at Function.app.configure (/kadmin/Dropbox/Code/Web/gnaoh/node_modules/express/lib/application.js:393:61)
    at Object.<anonymous> (/kadmin/Dropbox/Code/Web/gnaoh/build/server.js:58:7)
    at Module._compile (module.js:456:26)
    at Object.Module._extensions..js (module.js:474:10)
    at Module.load (module.js:356:32)

events.js:72
        throw er; // Unhandled 'error' event
              ^
Error: listen EADDRINUSE
    at errnoException (net.js:901:11)
    at Server._listen2 (net.js:1039:14)
    at listen (net.js:1061:10)
    at Server.listen (net.js:1127:5)
    at Function.getters (/kadmin/Dropbox/Code/Web/gnaoh/build/server.js:73:8)
    at Function.app.configure (/kadmin/Dropbox/Code/Web/gnaoh/node_modules/express/lib/application.js:393:61)
    at Object.<anonymous> (/kadmin/Dropbox/Code/Web/gnaoh/build/server.js:58:7)
    at Module._compile (module.js:456:26)
    at Object.Module._extensions..js (module.js:474:10)
    at Module.load (module.js:356:32)

events.js:72
        throw er; // Unhandled 'error' event
              ^
Error: listen EADDRINUSE
    at errnoException (net.js:901:11)
    at Server._listen2 (net.js:1039:14)
    at listen (net.js:1061:10)
    at Server.listen (net.js:1127:5)
    at Function.getters (/kadmin/Dropbox/Code/Web/gnaoh/build/server.js:73:8)
    at Function.app.configure (/kadmin/Dropbox/Code/Web/gnaoh/node_modules/express/lib/application.js:393:61)
    at Object.<anonymous> (/kadmin/Dropbox/Code/Web/gnaoh/build/server.js:58:7)
    at Module._compile (module.js:456:26)
    at Object.Module._extensions..js (module.js:474:10)
    at Module.load (module.js:356:32)

events.js:72
        throw er; // Unhandled 'error' event
              ^
Error: listen EADDRINUSE
    at errnoException (net.js:901:11)
    at Server._listen2 (net.js:1039:14)
    at listen (net.js:1061:10)
    at Server.listen (net.js:1127:5)
    at Function.getters (/kadmin/Dropbox/Code/Web/gnaoh/build/server.js:73:8)
    at Function.app.configure (/kadmin/Dropbox/Code/Web/gnaoh/node_modules/express/lib/application.js:393:61)
    at Object.<anonymous> (/kadmin/Dropbox/Code/Web/gnaoh/build/server.js:58:7)
    at Module._compile (module.js:456:26)
    at Object.Module._extensions..js (module.js:474:10)
    at Module.load (module.js:356:32)

events.js:72
        throw er; // Unhandled 'error' event
              ^
Error: listen EADDRINUSE
    at errnoException (net.js:901:11)
    at Server._listen2 (net.js:1039:14)
    at listen (net.js:1061:10)
    at Server.listen (net.js:1127:5)
    at Function.getters (/kadmin/Dropbox/Code/Web/gnaoh/build/server.js:73:8)
    at Function.app.configure (/kadmin/Dropbox/Code/Web/gnaoh/node_modules/express/lib/application.js:393:61)
    at Object.<anonymous> (/kadmin/Dropbox/Code/Web/gnaoh/build/server.js:58:7)
    at Module._compile (module.js:456:26)
    at Object.Module._extensions..js (module.js:474:10)
    at Module.load (module.js:356:32)

events.js:72
        throw er; // Unhandled 'error' event
              ^
Error: listen EADDRINUSE
    at errnoException (net.js:901:11)
    at Server._listen2 (net.js:1039:14)
    at listen (net.js:1061:10)
    at Server.listen (net.js:1127:5)
    at Function.getters (/kadmin/Dropbox/Code/Web/gnaoh/build/server.js:73:8)
    at Function.app.configure (/kadmin/Dropbox/Code/Web/gnaoh/node_modules/express/lib/application.js:393:61)
    at Object.<anonymous> (/kadmin/Dropbox/Code/Web/gnaoh/build/server.js:58:7)
    at Module._compile (module.js:456:26)
    at Object.Module._extensions..js (module.js:474:10)
    at Module.load (module.js:356:32)

events.js:72
        throw er; // Unhandled 'error' event
              ^
Error: listen EADDRINUSE
    at errnoException (net.js:901:11)
    at Server._listen2 (net.js:1039:14)
    at listen (net.js:1061:10)
    at Server.listen (net.js:1127:5)
    at Function.getters (/kadmin/Dropbox/Code/Web/gnaoh/build/server.js:73:8)
    at Function.app.configure (/kadmin/Dropbox/Code/Web/gnaoh/node_modules/express/lib/application.js:393:61)
    at Object.<anonymous> (/kadmin/Dropbox/Code/Web/gnaoh/build/server.js:58:7)
    at Module._compile (module.js:456:26)
    at Object.Module._extensions..js (module.js:474:10)
    at Module.load (module.js:356:32)

events.js:72
        throw er; // Unhandled 'error' event
              ^
Error: listen EADDRINUSE
    at errnoException (net.js:901:11)
    at Server._listen2 (net.js:1039:14)
    at listen (net.js:1061:10)
    at Server.listen (net.js:1127:5)
    at Function.getters (/kadmin/Dropbox/Code/Web/gnaoh/build/server.js:73:8)
    at Function.app.configure (/kadmin/Dropbox/Code/Web/gnaoh/node_modules/express/lib/application.js:393:61)
    at Object.<anonymous> (/kadmin/Dropbox/Code/Web/gnaoh/build/server.js:58:7)
    at Module._compile (module.js:456:26)
    at Object.Module._extensions..js (module.js:474:10)
    at Module.load (module.js:356:32)

events.js:72
        throw er; // Unhandled 'error' event
              ^
Error: listen EADDRINUSE
    at errnoException (net.js:901:11)
    at Server._listen2 (net.js:1039:14)
    at listen (net.js:1061:10)
    at Server.listen (net.js:1127:5)
    at Function.getters (/kadmin/Dropbox/Code/Web/gnaoh/build/server.js:73:8)
    at Function.app.configure (/kadmin/Dropbox/Code/Web/gnaoh/node_modules/express/lib/application.js:393:61)
    at Object.<anonymous> (/kadmin/Dropbox/Code/Web/gnaoh/build/server.js:58:7)
    at Module._compile (module.js:456:26)
    at Object.Module._extensions..js (module.js:474:10)
    at Module.load (module.js:356:32)
